# JRE version: OpenJDK Runtime Environment Corretto-21.0.7.6.1 (21.0.7+6) (build 21.0.7+6-LTS)
# Java VM: OpenJDK 64-Bit Server VM Corretto-21.0.7.6.1 (21.0.7+6-LTS, mixed mode, sharing, tiered, compressed oops, compressed class ptrs, g1 gc, windows-amd64)
GC Precious Log:
 CardTable entry size: 512
 Card Set container configuration: InlinePtr #cards 5 size 8 Array Of Cards #cards 12 size 40 Howl #buckets 4 coarsen threshold 1843 Howl Bitmap #cards 512 size 80 coarsen threshold 460 Card regions per heap region 1 cards per card region 2048
 CPUs: 4 total, 4 available
 Memory: 7865M
 Large Page Support: Disabled
 NUMA Support: Disabled
 Compressed Oops: Enabled (32-bit)
 Heap Region Size: 1M
 Heap Min Capacity: 256M
 Heap Initial Capacity: 256M
 Heap Max Capacity: 512M
 Pre-touch: Disabled
 Parallel Workers: 4
 Concurrent Workers: 1
 Concurrent Refinement Workers: 4
 Periodic GC: Disabled
Heap:
 garbage-first heap   total 262144K, used 174070K [0x00000000e0000000, 0x0000000100000000)
  region size 1024K, 106 young (108544K), 7 survivors (7168K)
 Metaspace       used 82396K, committed 84608K, reserved 458752K
  class space    used 11186K, committed 12288K, reserved 327680K
GC Heap History (20 events):
Event: 13.630 GC heap before
{Heap before GC invocations=5 (full 0):
 garbage-first heap   total 262144K, used 117474K [0x00000000e0000000, 0x0000000100000000)
  region size 1024K, 95 young (97280K), 2 survivors (2048K)
 Metaspace       used 34687K, committed 35968K, reserved 393216K
  class space    used 5019K, committed 5632K, reserved 327680K
}
Event: 13.642 GC heap after
{Heap after GC invocations=6 (full 0):
 garbage-first heap   total 262144K, used 29960K [0x00000000e0000000, 0x0000000100000000)
  region size 1024K, 7 young (7168K), 7 survivors (7168K)
 Metaspace       used 34687K, committed 35968K, reserved 393216K
  class space    used 5019K, committed 5632K, reserved 327680K
}
Event: 13.770 GC heap before
{Heap before GC invocations=6 (full 0):
 garbage-first heap   total 262144K, used 32008K [0x00000000e0000000, 0x0000000100000000)
  region size 1024K, 10 young (10240K), 7 survivors (7168K)
 Metaspace       used 35037K, committed 36288K, reserved 393216K
  class space    used 5067K, committed 5696K, reserved 327680K
}
Event: 13.778 GC heap after
{Heap after GC invocations=7 (full 0):
 garbage-first heap   total 262144K, used 30099K [0x00000000e0000000, 0x0000000100000000)
  region size 1024K, 8 young (8192K), 8 survivors (8192K)
 Metaspace       used 35037K, committed 36288K, reserved 393216K
  class space    used 5067K, committed 5696K, reserved 327680K
}
Event: 13.923 GC heap before
{Heap before GC invocations=7 (full 0):
 garbage-first heap   total 262144K, used 32147K [0x00000000e0000000, 0x0000000100000000)
  region size 1024K, 11 young (11264K), 8 survivors (8192K)
 Metaspace       used 35332K, committed 36608K, reserved 393216K
  class space    used 5112K, committed 5760K, reserved 327680K
}
Event: 13.936 GC heap after
{Heap after GC invocations=8 (full 0):
 garbage-first heap   total 262144K, used 30141K [0x00000000e0000000, 0x0000000100000000)
  region size 1024K, 8 young (8192K), 8 survivors (8192K)
 Metaspace       used 35332K, committed 36608K, reserved 393216K
  class space    used 5112K, committed 5760K, reserved 327680K
}
Event: 17.958 GC heap before
{Heap before GC invocations=9 (full 0):
 garbage-first heap   total 262144K, used 182717K [0x00000000e0000000, 0x0000000100000000)
  region size 1024K, 153 young (156672K), 8 survivors (8192K)
 Metaspace       used 41501K, committed 42944K, reserved 393216K
  class space    used 5872K, committed 6592K, reserved 327680K
}
Event: 17.983 GC heap after
{Heap after GC invocations=10 (full 0):
 garbage-first heap   total 262144K, used 40525K [0x00000000e0000000, 0x0000000100000000)
  region size 1024K, 18 young (18432K), 18 survivors (18432K)
 Metaspace       used 41501K, committed 42944K, reserved 393216K
  class space    used 5872K, committed 6592K, reserved 327680K
}
Event: 21.569 GC heap before
{Heap before GC invocations=10 (full 0):
 garbage-first heap   total 262144K, used 179789K [0x00000000e0000000, 0x0000000100000000)
  region size 1024K, 153 young (156672K), 18 survivors (18432K)
 Metaspace       used 51398K, committed 52992K, reserved 393216K
  class space    used 7154K, committed 7936K, reserved 327680K
}
Event: 21.597 GC heap after
{Heap after GC invocations=11 (full 0):
 garbage-first heap   total 262144K, used 45961K [0x00000000e0000000, 0x0000000100000000)
  region size 1024K, 16 young (16384K), 16 survivors (16384K)
 Metaspace       used 51398K, committed 52992K, reserved 393216K
  class space    used 7154K, committed 7936K, reserved 327680K
}
Event: 23.262 GC heap before
{Heap before GC invocations=11 (full 0):
 garbage-first heap   total 262144K, used 101257K [0x00000000e0000000, 0x0000000100000000)
  region size 1024K, 72 young (73728K), 16 survivors (16384K)
 Metaspace       used 59346K, committed 61120K, reserved 393216K
  class space    used 8245K, committed 9152K, reserved 327680K
}
Event: 23.287 GC heap after
{Heap after GC invocations=12 (full 0):
 garbage-first heap   total 262144K, used 51470K [0x00000000e0000000, 0x0000000100000000)
  region size 1024K, 13 young (13312K), 13 survivors (13312K)
 Metaspace       used 59346K, committed 61120K, reserved 393216K
  class space    used 8245K, committed 9152K, reserved 327680K
}
Event: 30.297 GC heap before
{Heap before GC invocations=13 (full 0):
 garbage-first heap   total 262144K, used 194830K [0x00000000e0000000, 0x0000000100000000)
  region size 1024K, 153 young (156672K), 13 survivors (13312K)
 Metaspace       used 74925K, committed 76992K, reserved 458752K
  class space    used 10488K, committed 11520K, reserved 327680K
}
Event: 30.323 GC heap after
{Heap after GC invocations=14 (full 0):
 garbage-first heap   total 262144K, used 59770K [0x00000000e0000000, 0x0000000100000000)
  region size 1024K, 13 young (13312K), 13 survivors (13312K)
 Metaspace       used 74925K, committed 76992K, reserved 458752K
  class space    used 10488K, committed 11520K, reserved 327680K
}
Event: 38.463 GC heap before
{Heap before GC invocations=14 (full 0):
 garbage-first heap   total 262144K, used 203130K [0x00000000e0000000, 0x0000000100000000)
  region size 1024K, 153 young (156672K), 13 survivors (13312K)
 Metaspace       used 78637K, committed 80832K, reserved 458752K
  class space    used 10761K, committed 11840K, reserved 327680K
}
Event: 38.496 GC heap after
{Heap after GC invocations=15 (full 0):
 garbage-first heap   total 262144K, used 71168K [0x00000000e0000000, 0x0000000100000000)
  region size 1024K, 20 young (20480K), 20 survivors (20480K)
 Metaspace       used 78637K, committed 80832K, reserved 458752K
  class space    used 10761K, committed 11840K, reserved 327680K
}
Event: 48.665 GC heap before
{Heap before GC invocations=15 (full 0):
 garbage-first heap   total 262144K, used 207360K [0x00000000e0000000, 0x0000000100000000)
  region size 1024K, 153 young (156672K), 20 survivors (20480K)
 Metaspace       used 81583K, committed 83840K, reserved 458752K
  class space    used 11179K, committed 12288K, reserved 327680K
}
Event: 48.697 GC heap after
{Heap after GC invocations=16 (full 0):
 garbage-first heap   total 262144K, used 75776K [0x00000000e0000000, 0x0000000100000000)
  region size 1024K, 9 young (9216K), 9 survivors (9216K)
 Metaspace       used 81583K, committed 83840K, reserved 458752K
  class space    used 11179K, committed 12288K, reserved 327680K
}
Event: 59.282 GC heap before
{Heap before GC invocations=16 (full 0):
 garbage-first heap   total 262144K, used 223232K [0x00000000e0000000, 0x0000000100000000)
  region size 1024K, 153 young (156672K), 9 survivors (9216K)
 Metaspace       used 82262K, committed 84480K, reserved 458752K
  class space    used 11197K, committed 12288K, reserved 327680K
}
Event: 59.291 GC heap after
{Heap after GC invocations=17 (full 0):
 garbage-first heap   total 262144K, used 73718K [0x00000000e0000000, 0x0000000100000000)
  region size 1024K, 7 young (7168K), 7 survivors (7168K)
 Metaspace       used 82262K, committed 84480K, reserved 458752K
  class space    used 11197K, committed 12288K, reserved 327680K
}

